2026-02-18 09:57:40,753 - INFO - Starting prediction for 7 day(s) from 2026-02-18
2026-02-18 09:57:40,754 - INFO - Location: 36.8104°N, -4.2224°W, Elevation: 221m
2026-02-18 09:57:40,754 - INFO - Timezone: Europe/Madrid
2026-02-18 09:57:58,703 - INFO - Date: 2026-02-18
2026-02-18 09:57:58,704 - INFO -   Direct Sunlight - Sunrise: 08:07, Sunset: 18:39
2026-02-18 09:57:58,704 - INFO -   Civil Twilight - Dawn: 07:00, Dusk: 19:26
2026-02-18 09:58:09,530 - INFO - Date: 2026-02-19
2026-02-18 09:58:09,531 - INFO -   Direct Sunlight - Sunrise: 08:06, Sunset: 18:39
2026-02-18 09:58:09,532 - INFO -   Civil Twilight - Dawn: 07:00, Dusk: 19:27
2026-02-18 09:58:20,554 - INFO - Date: 2026-02-20
2026-02-18 09:58:20,554 - INFO -   Direct Sunlight - Sunrise: 08:05, Sunset: 18:40
2026-02-18 09:58:20,555 - INFO -   Civil Twilight - Dawn: 07:00, Dusk: 19:28
2026-02-18 09:58:31,516 - INFO - Date: 2026-02-21
2026-02-18 09:58:31,516 - INFO -   Direct Sunlight - Sunrise: 08:04, Sunset: 18:41
2026-02-18 09:58:31,517 - INFO -   Civil Twilight - Dawn: 07:00, Dusk: 19:29
2026-02-18 09:58:42,646 - INFO - Date: 2026-02-22
2026-02-18 09:58:42,647 - INFO -   Direct Sunlight - Sunrise: 08:03, Sunset: 18:41
2026-02-18 09:58:42,648 - INFO -   Civil Twilight - Dawn: 07:00, Dusk: 19:30
2026-02-18 09:58:53,630 - INFO - Date: 2026-02-23
2026-02-18 09:58:53,631 - INFO -   Direct Sunlight - Sunrise: 08:02, Sunset: 18:42
2026-02-18 09:58:53,632 - INFO -   Civil Twilight - Dawn: 07:00, Dusk: 19:31
2026-02-18 09:59:04,859 - INFO - Date: 2026-02-24
2026-02-18 09:59:04,860 - INFO -   Direct Sunlight - Sunrise: 08:01, Sunset: 18:42
2026-02-18 09:59:04,860 - INFO -   Civil Twilight - Dawn: 07:00, Dusk: 19:32
2026-02-18 09:59:04,861 - INFO - Prediction complete
2026-02-18 10:01:06 +01:00 - INFO - Starting prediction for 2 day(s) from 2026-02-18
2026-02-18 10:01:06 +01:00 - INFO - Location: 36.8104°N, -4.2224°W, Elevation: 221m
2026-02-18 10:01:06 +01:00 - INFO - Timezone: Europe/Madrid
2026-02-18 10:01:27 +01:00 - INFO - Date: 2026-02-18
2026-02-18 10:01:27 +01:00 - INFO -   Direct Sunlight - Sunrise: 08:07, Sunset: 18:39
2026-02-18 10:01:27 +01:00 - INFO -   Civil Twilight - Dawn: 07:00, Dusk: 19:26
2026-02-18 10:01:38 +01:00 - INFO - Date: 2026-02-19
2026-02-18 10:01:38 +01:00 - INFO -   Direct Sunlight - Sunrise: 08:06, Sunset: 18:39
2026-02-18 10:01:38 +01:00 - INFO -   Civil Twilight - Dawn: 07:00, Dusk: 19:27
2026-02-18 10:01:38 +01:00 - INFO - Prediction complete
2026-02-18 10:03:30 +01:00 - INFO - Starting prediction for 2 day(s) from 2026-02-18
2026-02-18 10:03:30 +01:00 - INFO - Location: 36.8104°N, -4.2224°W, Elevation: 221m
2026-02-18 10:03:30 +01:00 - INFO - Timezone: Europe/Madrid
2026-02-18 10:03:51 +01:00 - INFO - Date: 2026-02-18
2026-02-18 10:03:51 +01:00 - INFO -   Direct Sunlight - Sunrise: 08:07, Sunset: 18:39
2026-02-18 10:03:51 +01:00 - INFO -   Civil Twilight - Dawn: 07:00, Dusk: 19:26
2026-02-18 10:04:02 +01:00 - INFO - Date: 2026-02-19
2026-02-18 10:04:02 +01:00 - INFO -   Direct Sunlight - Sunrise: 08:06, Sunset: 18:39
2026-02-18 10:04:02 +01:00 - INFO -   Civil Twilight - Dawn: 07:00, Dusk: 19:27
2026-02-18 10:04:02 +01:00 - INFO - Prediction complete
2026-02-18 10:08:11 +01:00 - INFO - Starting prediction for 1 day(s) from 2026-02-18
2026-02-18 10:08:11 +01:00 - INFO - Location: 36.8104°N, -4.2224°W, Elevation: 221m
2026-02-18 10:08:11 +01:00 - INFO - Timezone: Europe/Madrid
2026-02-18 10:08:44 +01:00 - INFO - Date: 2026-02-18
2026-02-18 10:08:44 +01:00 - INFO -   Horizon Sunset - Sunrise: 08:07, Sunset: 18:55
2026-02-18 10:08:44 +01:00 - INFO -   Terrain Obstruction: 18:39
2026-02-18 10:08:44 +01:00 - INFO -   Civil Twilight - Dawn: 07:00, Dusk: 19:26
2026-02-18 10:08:44 +01:00 - INFO - Prediction complete
2026-02-18 10:09:21 +01:00 - INFO - Starting prediction for 7 day(s) from 2026-02-18
2026-02-18 10:09:21 +01:00 - INFO - Location: 36.8104°N, -4.2224°W, Elevation: 221m
2026-02-18 10:09:21 +01:00 - INFO - Timezone: Europe/Madrid
2026-02-18 10:09:49 +01:00 - INFO - Date: 2026-02-18
2026-02-18 10:09:49 +01:00 - INFO -   Horizon Sunset - Sunrise: 08:07, Sunset: 18:55
2026-02-18 10:09:49 +01:00 - INFO -   Terrain Obstruction: 18:39
2026-02-18 10:09:49 +01:00 - INFO -   Civil Twilight - Dawn: 07:00, Dusk: 19:26
2026-02-18 10:10:11 +01:00 - INFO - Date: 2026-02-19
2026-02-18 10:10:11 +01:00 - INFO -   Horizon Sunset - Sunrise: 08:05, Sunset: 18:56
2026-02-18 10:10:11 +01:00 - INFO -   Terrain Obstruction: 18:39
2026-02-18 10:10:11 +01:00 - INFO -   Civil Twilight - Dawn: 07:00, Dusk: 19:27
2026-02-18 10:10:33 +01:00 - INFO - Date: 2026-02-20
2026-02-18 10:10:33 +01:00 - INFO -   Horizon Sunset - Sunrise: 08:04, Sunset: 18:57
2026-02-18 10:10:33 +01:00 - INFO -   Terrain Obstruction: 18:40
2026-02-18 10:10:33 +01:00 - INFO -   Civil Twilight - Dawn: 07:00, Dusk: 19:28
2026-02-18 10:10:54 +01:00 - INFO - Date: 2026-02-21
2026-02-18 10:10:54 +01:00 - INFO -   Horizon Sunset - Sunrise: 08:03, Sunset: 18:58
2026-02-18 10:10:54 +01:00 - INFO -   Terrain Obstruction: 18:41
2026-02-18 10:10:54 +01:00 - INFO -   Civil Twilight - Dawn: 07:00, Dusk: 19:29
2026-02-18 10:11:16 +01:00 - INFO - Date: 2026-02-22
2026-02-18 10:11:16 +01:00 - INFO -   Horizon Sunset - Sunrise: 08:02, Sunset: 18:59
2026-02-18 10:11:16 +01:00 - INFO -   Terrain Obstruction: 18:41
2026-02-18 10:11:16 +01:00 - INFO -   Civil Twilight - Dawn: 07:00, Dusk: 19:30
2026-02-18 10:11:38 +01:00 - INFO - Date: 2026-02-23
2026-02-18 10:11:38 +01:00 - INFO -   Horizon Sunset - Sunrise: 08:00, Sunset: 19:00
2026-02-18 10:11:38 +01:00 - INFO -   Terrain Obstruction: 18:42
2026-02-18 10:11:38 +01:00 - INFO -   Civil Twilight - Dawn: 07:00, Dusk: 19:31
2026-02-18 10:11:59 +01:00 - INFO - Date: 2026-02-24
2026-02-18 10:11:59 +01:00 - INFO -   Horizon Sunset - Sunrise: 07:59, Sunset: 19:01
2026-02-18 10:11:59 +01:00 - INFO -   Terrain Obstruction: 18:42
2026-02-18 10:11:59 +01:00 - INFO -   Civil Twilight - Dawn: 07:00, Dusk: 19:32
2026-02-18 10:11:59 +01:00 - INFO - Prediction complete
